Tue 04 Oct 2022 08:42:05 PM UTC: 
 tests:  0|4
total_score: 0/70
7b36079
Thu 13 Oct 2022 06:14:50 PM UTC: 
 heap.c | 7 +++++--
 1 file changed, 5 insertions(+), 2 deletions(-)
In file included from test.c:4:
heap.c: In function ‘createHeap’:
heap.c:36:16: error: ‘heap’ undeclared (first use in this function); did you mean ‘Heap’?
   36 |   Heap *crear=(heap*)malloc(sizeof(Heap));
      |                ^~~~
      |                Heap
heap.c:36:16: note: each undeclared identifier is reported only once for each function it appears in
heap.c:36:21: error: expected expression before ‘)’ token
   36 |   Heap *crear=(heap*)malloc(sizeof(Heap));
      |                     ^
heap.c:38:8: error: ‘crear’ is a pointer; did you mean to use ‘->’?
   38 |   crear.heapArray=array;
      |        ^
      |        ->
heap.c:39:8: error: ‘crear’ is a pointer; did you mean to use ‘->’?
   39 |   crear.size=0;
      |        ^
      |        ->
heap.c:40:8: error: ‘crear’ is a pointer; did you mean to use ‘->’?
   40 |   crear.capac=3;
      |        ^
      |        ->
heap.c:36:9: error: variable ‘crear’ set but not used [-Werror=unused-but-set-variable]
   36 |   Heap *crear=(heap*)malloc(sizeof(Heap));
      |         ^~~~~
heap.c:41:1: error: control reaches end of non-void function [-Werror=return-type]
   41 | }
      | ^
cc1: all warnings being treated as errors
Compilation failed
3ab3757
Thu 13 Oct 2022 06:15:04 PM UTC: 
 heap.c | 2 +-
 1 file changed, 1 insertion(+), 1 deletion(-)
In file included from test.c:4:
heap.c: In function ‘createHeap’:
heap.c:38:8: error: ‘crear’ is a pointer; did you mean to use ‘->’?
   38 |   crear.heapArray=array;
      |        ^
      |        ->
heap.c:39:8: error: ‘crear’ is a pointer; did you mean to use ‘->’?
   39 |   crear.size=0;
      |        ^
      |        ->
heap.c:40:8: error: ‘crear’ is a pointer; did you mean to use ‘->’?
   40 |   crear.capac=3;
      |        ^
      |        ->
heap.c:36:9: error: variable ‘crear’ set but not used [-Werror=unused-but-set-variable]
   36 |   Heap *crear=(Heap*)malloc(sizeof(Heap));
      |         ^~~~~
heap.c:41:1: error: control reaches end of non-void function [-Werror=return-type]
   41 | }
      | ^
cc1: all warnings being treated as errors
Compilation failed
bb58ec2
Thu 13 Oct 2022 06:15:17 PM UTC: 
 heap.c | 6 +++---
 1 file changed, 3 insertions(+), 3 deletions(-)
In file included from test.c:4:
heap.c: In function ‘createHeap’:
heap.c:41:1: error: control reaches end of non-void function [-Werror=return-type]
   41 | }
      | ^
cc1: all warnings being treated as errors
Compilation failed
a78a90e
Thu 13 Oct 2022 06:15:28 PM UTC: 
 heap.c | 1 +
 1 file changed, 1 insertion(+)
 tests:  0|0
ac9b4fd
Thu 13 Oct 2022 06:17:21 PM UTC: 
 heap.c | 2 +-
 1 file changed, 1 insertion(+), 1 deletion(-)
In file included from test.c:4:
heap.c: In function ‘heap_top’:
heap.c:22:1: error: control reaches end of non-void function [-Werror=return-type]
   22 | }
      | ^
cc1: all warnings being treated as errors
Compilation failed
1c02a18
Thu 13 Oct 2022 06:17:28 PM UTC: 
 heap.c | 2 +-
 1 file changed, 1 insertion(+), 1 deletion(-)
 tests:  0|0
80f3480
Thu 13 Oct 2022 06:18:21 PM UTC: 
 heap.c | 5 +++--
 1 file changed, 3 insertions(+), 2 deletions(-)
 tests:  0|4
total_score: 0/70
af2e255
Thu 13 Oct 2022 06:20:36 PM UTC: 
 heap.c | 7 +++----
 1 file changed, 3 insertions(+), 4 deletions(-)
 tests:  0|4
total_score: 0/70
afaee68
Thu 13 Oct 2022 06:20:46 PM UTC: 
 heap.c | 2 +-
 1 file changed, 1 insertion(+), 1 deletion(-)
 tests:  0|0
4220131
Thu 13 Oct 2022 06:22:46 PM UTC: 
 heap.c | 2 +-
 1 file changed, 1 insertion(+), 1 deletion(-)
In file included from test.c:4:
heap.c: In function ‘createHeap’:
heap.c:38:8: error: ‘crear’ is a pointer; did you mean to use ‘->’?
   38 |   crear.heapArray=array;
      |        ^
      |        ->
Compilation failed
903ddc8
Thu 13 Oct 2022 06:24:05 PM UTC: 
 heap.c | 2 +-
 1 file changed, 1 insertion(+), 1 deletion(-)
 tests:  0|0
0a4b31e
Thu 13 Oct 2022 06:30:25 PM UTC: 
 heap.c | 2 +-
 1 file changed, 1 insertion(+), 1 deletion(-)
In file included from test.c:4:
heap.c: In function ‘createHeap’:
heap.c:38:20: error: ‘array’ undeclared (first use in this function)
   38 |   crear->heapArray=array;
      |                    ^~~~~
heap.c:38:20: note: each undeclared identifier is reported only once for each function it appears in
Compilation failed
5ff3b52
Thu 13 Oct 2022 06:32:05 PM UTC: 
 heap.c | 3 +--
 1 file changed, 1 insertion(+), 2 deletions(-)
 tests:  0|0
b0e2e47
Thu 13 Oct 2022 06:32:24 PM UTC: 
 heap.c | 2 +-
 1 file changed, 1 insertion(+), 1 deletion(-)
 tests:  0|0
854ae69
Thu 13 Oct 2022 06:33:01 PM UTC: 
 heap.c | 2 +-
 1 file changed, 1 insertion(+), 1 deletion(-)
In file included from test.c:4:
heap.c: In function ‘createHeap’:
heap.c:37:18: error: expected ‘=’, ‘,’, ‘;’, ‘asm’ or ‘__attribute__’ before ‘->’ token
   37 |   heapElem *crear->heapArray=(heapElem*)(sizeof(heapElem));
      |                  ^~
heap.c:37:18: error: expected expression before ‘->’ token
Compilation failed
9c0b8ff
Thu 13 Oct 2022 06:33:09 PM UTC: 
 heap.c | 2 +-
 1 file changed, 1 insertion(+), 1 deletion(-)
In file included from test.c:4:
heap.c: In function ‘createHeap’:
heap.c:37:18: error: expected ‘=’, ‘,’, ‘;’, ‘asm’ or ‘__attribute__’ before ‘.’ token
   37 |   heapElem *crear.heapArray=(heapElem*)(sizeof(heapElem));
      |                  ^
heap.c:37:18: error: expected expression before ‘.’ token
Compilation failed
3566c89
Thu 13 Oct 2022 06:35:43 PM UTC: 
 heap.c | 3 ++-
 1 file changed, 2 insertions(+), 1 deletion(-)
 tests:  0|0
188e846
Thu 13 Oct 2022 06:36:21 PM UTC: 
 heap.c | 3 +--
 1 file changed, 1 insertion(+), 2 deletions(-)
 tests:  0|0
2563630
Thu 13 Oct 2022 06:36:28 PM UTC: 
 heap.c | 2 +-
 1 file changed, 1 insertion(+), 1 deletion(-)
 tests:  0|0
4f2e56f
Thu 13 Oct 2022 06:41:04 PM UTC: 
 heap.c | 2 +-
 1 file changed, 1 insertion(+), 1 deletion(-)
 tests:  1|3
total_score: 10/70
e4d132e
Sat 15 Oct 2022 12:23:38 AM UTC: 
 heap.c | 2 +-
 1 file changed, 1 insertion(+), 1 deletion(-)
In file included from test.c:4:
heap.c: In function ‘heap_top’:
heap.c:21:28: error: invalid type argument of ‘->’ (have ‘heapElem’ {aka ‘struct nodo’})
   21 |     return pq->heapArray[0]->data;
      |                            ^~
heap.c:22:1: error: control reaches end of non-void function [-Werror=return-type]
   22 | }
      | ^
cc1: all warnings being treated as errors
Compilation failed
7ceb7bb
Sat 15 Oct 2022 12:24:26 AM UTC: 
 heap.c | 2 +-
 1 file changed, 1 insertion(+), 1 deletion(-)
 tests:  1|3
total_score: 10/70
107ca38
Sat 15 Oct 2022 12:25:07 AM UTC: 
 heap.c | 2 ++
 1 file changed, 2 insertions(+)
In file included from test.c:4:
heap.c: In function ‘heap_top’:
heap.c:21:9: error: suggest parentheses around assignment used as truth value [-Werror=parentheses]
   21 |     if (pq->size=0)
      |         ^~
cc1: all warnings being treated as errors
Compilation failed
708c1cd
Sat 15 Oct 2022 12:25:16 AM UTC: 
 heap.c | 2 +-
 1 file changed, 1 insertion(+), 1 deletion(-)
 tests:  2|2
total_score: 20/70
09b7587
Sat 15 Oct 2022 01:02:36 AM UTC: 
 heap.c | 3 ++-
 1 file changed, 2 insertions(+), 1 deletion(-)
 tests:  2|2
total_score: 20/70
f83a018
Sat 15 Oct 2022 01:06:31 AM UTC: 
 heap.c | 4 ++--
 1 file changed, 2 insertions(+), 2 deletions(-)
 tests:  2|2
total_score: 20/70
67dc844
Sat 15 Oct 2022 01:06:47 AM UTC: 
 heap.c | 1 +
 1 file changed, 1 insertion(+)
 tests:  3|2
total_score: 25/70
c6d495e
Sat 15 Oct 2022 06:48:14 PM UTC: 
 heap.c | 10 ++++++++++
 1 file changed, 10 insertions(+)
In file included from test.c:4:
heap.c: In function ‘heap_push’:
heap.c:30:5: error: expected ‘,’ or ‘;’ before ‘pq’
   30 |     pq->heapArray[pq->size].data=data;
      |     ^~
heap.c:34:38: error: invalid operands to binary < (have ‘heapElem’ {aka ‘struct nodo’} and ‘heapElem’ {aka ‘struct nodo’})
   34 |       if (pq->heapArray[pq->size-2/2]<pq->heapArray[pq->size-1]){
      |           ~~~~~~~~~~~~~~~~~~~~~~~~~~~^~~~~~~~~~~~~~~~~~~~~~~~~~
      |                        |                           |
      |                        heapElem {aka struct nodo}  heapElem {aka struct nodo}
heap.c:35:13: error: incompatible types when assigning to type ‘heapElem *’ {aka ‘struct nodo *’} from type ‘heapElem’ {aka ‘struct nodo’}
   35 |         aux=pq->heapArray[pq->size-2/2];
      |             ^~
heap.c:37:35: error: incompatible types when assigning to type ‘heapElem’ {aka ‘struct nodo’} from type ‘heapElem *’ {aka ‘struct nodo *’}
   37 |         pq->heapArray[pq->size-1]=aux;
      |                                   ^~~
heap.c:38:7: error: expected ‘}’ before ‘else’
   38 |       else
      |       ^~~~
heap.c: At top level:
heap.c:42:1: error: expected identifier or ‘(’ before ‘}’ token
   42 | }
      | ^
Compilation failed
c438d08
Sat 15 Oct 2022 06:48:44 PM UTC: 
 heap.c | 2 +-
 1 file changed, 1 insertion(+), 1 deletion(-)
In file included from test.c:4:
heap.c: In function ‘heap_push’:
heap.c:34:38: error: invalid operands to binary < (have ‘heapElem’ {aka ‘struct nodo’} and ‘heapElem’ {aka ‘struct nodo’})
   34 |       if (pq->heapArray[pq->size-2/2]<pq->heapArray[pq->size-1]){
      |           ~~~~~~~~~~~~~~~~~~~~~~~~~~~^~~~~~~~~~~~~~~~~~~~~~~~~~
      |                        |                           |
      |                        heapElem {aka struct nodo}  heapElem {aka struct nodo}
heap.c:35:13: error: incompatible types when assigning to type ‘heapElem *’ {aka ‘struct nodo *’} from type ‘heapElem’ {aka ‘struct nodo’}
   35 |         aux=pq->heapArray[pq->size-2/2];
      |             ^~
heap.c:37:35: error: incompatible types when assigning to type ‘heapElem’ {aka ‘struct nodo’} from type ‘heapElem *’ {aka ‘struct nodo *’}
   37 |         pq->heapArray[pq->size-1]=aux;
      |                                   ^~~
heap.c:38:7: error: expected ‘}’ before ‘else’
   38 |       else
      |       ^~~~
heap.c: At top level:
heap.c:42:1: error: expected identifier or ‘(’ before ‘}’ token
   42 | }
      | ^
Compilation failed
6ebe13f
Sat 15 Oct 2022 06:50:13 PM UTC: 
 heap.c | 2 +-
 1 file changed, 1 insertion(+), 1 deletion(-)
In file included from test.c:4:
heap.c: In function ‘heap_push’:
heap.c:34:47: error: self-comparison always evaluates to false [-Werror=tautological-compare]
   34 |       if (pq->heapArray[pq->size-2/2].priority<pq->heapArray[pq->size-1].priority){
      |                                               ^
heap.c:35:13: error: incompatible types when assigning to type ‘heapElem *’ {aka ‘struct nodo *’} from type ‘heapElem’ {aka ‘struct nodo’}
   35 |         aux=pq->heapArray[pq->size-2/2];
      |             ^~
heap.c:37:35: error: incompatible types when assigning to type ‘heapElem’ {aka ‘struct nodo’} from type ‘heapElem *’ {aka ‘struct nodo *’}
   37 |         pq->heapArray[pq->size-1]=aux;
      |                                   ^~~
heap.c:38:7: error: expected ‘}’ before ‘else’
   38 |       else
      |       ^~~~
heap.c: At top level:
heap.c:42:1: error: expected identifier or ‘(’ before ‘}’ token
   42 | }
      | ^
cc1: all warnings being treated as errors
Compilation failed
10b9552
Sat 15 Oct 2022 06:53:27 PM UTC: 
 heap.c | 2 +-
 1 file changed, 1 insertion(+), 1 deletion(-)
In file included from test.c:4:
heap.c: In function ‘heap_push’:
heap.c:34:47: error: self-comparison always evaluates to false [-Werror=tautological-compare]
   34 |       if (pq->heapArray[pq->size-2/2].priority<pq->heapArray[pq->size-1].priority){
      |                                               ^
heap.c:35:13: error: incompatible types when assigning to type ‘heapElem *’ {aka ‘struct nodo *’} from type ‘heapElem’ {aka ‘struct nodo’}
   35 |         aux=pq->heapArray[pq->size-2/2];
      |             ^~
heap.c:37:35: error: incompatible types when assigning to type ‘heapElem’ {aka ‘struct nodo’} from type ‘heapElem *’ {aka ‘struct nodo *’}
   37 |         pq->heapArray[pq->size-1]=aux;
      |                                   ^~~
cc1: all warnings being treated as errors
Compilation failed
67ccf49
Sat 15 Oct 2022 06:56:34 PM UTC: 
 heap.c | 8 ++++----
 1 file changed, 4 insertions(+), 4 deletions(-)
In file included from test.c:4:
heap.c: In function ‘heap_push’:
heap.c:35:13: error: incompatible types when assigning to type ‘heapElem *’ {aka ‘struct nodo *’} from type ‘heapElem’ {aka ‘struct nodo’}
   35 |         aux=pq->heapArray[pq->size-3/2];
      |             ^~
heap.c:37:35: error: incompatible types when assigning to type ‘heapElem’ {aka ‘struct nodo’} from type ‘heapElem *’ {aka ‘struct nodo *’}
   37 |         pq->heapArray[pq->size-2]=aux;
      |                                   ^~~
Compilation failed
bf4c7a7
Sat 15 Oct 2022 06:57:10 PM UTC: 
 heap.c | 2 +-
 1 file changed, 1 insertion(+), 1 deletion(-)
In file included from test.c:4:
heap.c: In function ‘heap_push’:
heap.c:29:18: error: invalid initializer
   29 |     heapElem aux=(heapElem*)malloc(sizeof(heapElem));
      |                  ^
Compilation failed
40fcf0f
Sat 15 Oct 2022 06:57:28 PM UTC: 
 heap.c | 2 +-
 1 file changed, 1 insertion(+), 1 deletion(-)
In file included from test.c:4:
heap.c: In function ‘heap_push’:
heap.c:29:5: error: conversion to non-scalar type requested
   29 |     heapElem aux=(heapElem)malloc(sizeof(heapElem));
      |     ^~~~~~~~
Compilation failed
5682cab
Sat 15 Oct 2022 06:58:17 PM UTC: 
 heap.c | 2 +-
 1 file changed, 1 insertion(+), 1 deletion(-)
In file included from test.c:4:
heap.c: In function ‘heap_push’:
heap.c:35:13: error: incompatible types when assigning to type ‘heapElem *’ {aka ‘struct nodo *’} from type ‘heapElem’ {aka ‘struct nodo’}
   35 |         aux=pq->heapArray[pq->size-3/2];
      |             ^~
heap.c:37:35: error: incompatible types when assigning to type ‘heapElem’ {aka ‘struct nodo’} from type ‘heapElem *’ {aka ‘struct nodo *’}
   37 |         pq->heapArray[pq->size-2]=aux;
      |                                   ^~~
Compilation failed
671336c
Sat 15 Oct 2022 06:59:52 PM UTC: 
 heap.c | 2 +-
 1 file changed, 1 insertion(+), 1 deletion(-)
In file included from test.c:4:
heap.c: In function ‘heap_push’:
heap.c:29:5: error: conversion to non-scalar type requested
   29 |     heapElem *aux=(heapElem)malloc(sizeof(heapElem));
      |     ^~~~~~~~
heap.c:35:13: error: incompatible types when assigning to type ‘heapElem *’ {aka ‘struct nodo *’} from type ‘heapElem’ {aka ‘struct nodo’}
   35 |         aux=pq->heapArray[pq->size-3/2];
      |             ^~
heap.c:37:35: error: incompatible types when assigning to type ‘heapElem’ {aka ‘struct nodo’} from type ‘heapElem *’ {aka ‘struct nodo *’}
   37 |         pq->heapArray[pq->size-2]=aux;
      |                                   ^~~
Compilation failed
91fefe8
Sat 15 Oct 2022 07:00:22 PM UTC: 
 heap.c | 2 +-
 1 file changed, 1 insertion(+), 1 deletion(-)
In file included from test.c:4:
heap.c: In function ‘heap_push’:
heap.c:29:5: error: conversion to non-scalar type requested
   29 |     heapElem aux=(heapElem)malloc(sizeof(heapElem));
      |     ^~~~~~~~
Compilation failed
b081c82
Sat 15 Oct 2022 07:00:59 PM UTC: 
 heap.c | 2 +-
 1 file changed, 1 insertion(+), 1 deletion(-)
In file included from test.c:4:
heap.c: In function ‘heap_push’:
heap.c:35:13: error: incompatible types when assigning to type ‘heapElem *’ {aka ‘struct nodo *’} from type ‘heapElem’ {aka ‘struct nodo’}
   35 |         aux=pq->heapArray[pq->size-3/2];
      |             ^~
heap.c:37:35: error: incompatible types when assigning to type ‘heapElem’ {aka ‘struct nodo’} from type ‘heapElem *’ {aka ‘struct nodo *’}
   37 |         pq->heapArray[pq->size-2]=aux;
      |                                   ^~~
Compilation failed
9265a9c
Sat 15 Oct 2022 07:01:43 PM UTC: 
 heap.c | 2 +-
 1 file changed, 1 insertion(+), 1 deletion(-)
 tests:  3|2
total_score: 25/70
8d55749
Sat 15 Oct 2022 07:03:47 PM UTC: 
 heap.c | 2 +-
 1 file changed, 1 insertion(+), 1 deletion(-)
In file included from test.c:4:
heap.c: In function ‘heap_push’:
heap.c:29:5: error: unknown type name ‘nodo’; use ‘struct’ keyword to refer to the type
   29 |     nodo *aux=(nodo*)malloc(sizeof(nodo));
      |     ^~~~
      |     struct 
heap.c:29:16: error: ‘nodo’ undeclared (first use in this function)
   29 |     nodo *aux=(nodo*)malloc(sizeof(nodo));
      |                ^~~~
heap.c:29:16: note: each undeclared identifier is reported only once for each function it appears in
heap.c:29:21: error: expected expression before ‘)’ token
   29 |     nodo *aux=(nodo*)malloc(sizeof(nodo));
      |                     ^
heap.c:35:13: error: incompatible types when assigning to type ‘int *’ from type ‘heapElem’ {aka ‘struct nodo’}
   35 |         aux=pq->heapArray[pq->size-3/2];
      |             ^~
heap.c:37:35: error: incompatible types when assigning to type ‘heapElem’ {aka ‘struct nodo’} from type ‘int *’
   37 |         pq->heapArray[pq->size-2]=aux;
      |                                   ^~~
Compilation failed
786a7fb
Sat 15 Oct 2022 07:04:18 PM UTC: 
 heap.c | 2 +-
 1 file changed, 1 insertion(+), 1 deletion(-)
In file included from test.c:4:
heap.c: In function ‘heap_push’:
heap.c:29:23: error: ‘nodo’ undeclared (first use in this function)
   29 |     struct nodo *aux=(nodo*)malloc(sizeof(nodo));
      |                       ^~~~
heap.c:29:23: note: each undeclared identifier is reported only once for each function it appears in
heap.c:29:28: error: expected expression before ‘)’ token
   29 |     struct nodo *aux=(nodo*)malloc(sizeof(nodo));
      |                            ^
heap.c:35:13: error: incompatible types when assigning to type ‘struct nodo *’ from type ‘heapElem’ {aka ‘struct nodo’}
   35 |         aux=pq->heapArray[pq->size-3/2];
      |             ^~
heap.c:37:35: error: incompatible types when assigning to type ‘heapElem’ {aka ‘struct nodo’} from type ‘struct nodo *’
   37 |         pq->heapArray[pq->size-2]=aux;
      |                                   ^~~
Compilation failed
6f6a92b
Sat 15 Oct 2022 07:05:04 PM UTC: 
 heap.c | 2 +-
 1 file changed, 1 insertion(+), 1 deletion(-)
In file included from test.c:4:
heap.c: In function ‘heap_push’:
heap.c:29:20: error: ‘nodo’ undeclared (first use in this function)
   29 |     heapElem *aux=(nodo*)malloc(sizeof(nodo));
      |                    ^~~~
heap.c:29:20: note: each undeclared identifier is reported only once for each function it appears in
heap.c:29:25: error: expected expression before ‘)’ token
   29 |     heapElem *aux=(nodo*)malloc(sizeof(nodo));
      |                         ^
heap.c:35:13: error: incompatible types when assigning to type ‘heapElem *’ {aka ‘struct nodo *’} from type ‘heapElem’ {aka ‘struct nodo’}
   35 |         aux=pq->heapArray[pq->size-3/2];
      |             ^~
heap.c:37:35: error: incompatible types when assigning to type ‘heapElem’ {aka ‘struct nodo’} from type ‘heapElem *’ {aka ‘struct nodo *’}
   37 |         pq->heapArray[pq->size-2]=aux;
      |                                   ^~~
Compilation failed
ed2edd2
Sat 15 Oct 2022 07:12:29 PM UTC: 
 heap.c | 2 +-
 1 file changed, 1 insertion(+), 1 deletion(-)
In file included from test.c:4:
heap.c: In function ‘heap_push’:
heap.c:29:18: error: invalid initializer
   29 |     heapElem aux=malloc(sizeof(heapElem));
      |                  ^~~~~~
Compilation failed
eb94e41
Sat 15 Oct 2022 07:13:37 PM UTC: 
 heap.c | 2 +-
 1 file changed, 1 insertion(+), 1 deletion(-)
In file included from test.c:4:
heap.c: In function ‘heap_push’:
heap.c:29:5: error: conversion to non-scalar type requested
   29 |     heapElem aux=(heapElem)malloc(sizeof(heapElem));
      |     ^~~~~~~~
Compilation failed
4c9895d
Sat 15 Oct 2022 07:21:00 PM UTC: 
 heap.c | 2 +-
 1 file changed, 1 insertion(+), 1 deletion(-)
In file included from test.c:4:
heap.c: In function ‘heap_push’:
heap.c:35:13: error: incompatible types when assigning to type ‘heapElem *’ {aka ‘struct nodo *’} from type ‘heapElem’ {aka ‘struct nodo’}
   35 |         aux=pq->heapArray[pq->size-3/2];
      |             ^~
heap.c:37:35: error: incompatible types when assigning to type ‘heapElem’ {aka ‘struct nodo’} from type ‘heapElem *’ {aka ‘struct nodo *’}
   37 |         pq->heapArray[pq->size-2]=aux;
      |                                   ^~~
Compilation failed
291f158
Sat 15 Oct 2022 07:22:43 PM UTC: 
 heap.c | 2 +-
 1 file changed, 1 insertion(+), 1 deletion(-)
In file included from test.c:4:
heap.c: In function ‘heap_push’:
heap.c:37:35: error: incompatible types when assigning to type ‘heapElem’ {aka ‘struct nodo’} from type ‘heapElem *’ {aka ‘struct nodo *’}
   37 |         pq->heapArray[pq->size-2]=aux;
      |                                   ^~~
Compilation failed
4dd5c34
Sat 15 Oct 2022 07:24:53 PM UTC: 
 heap.c | 2 +-
 1 file changed, 1 insertion(+), 1 deletion(-)
 tests:  3|2
total_score: 25/70
6416c3f
Sat 15 Oct 2022 07:27:46 PM UTC: 
 heap.c | 6 +++---
 1 file changed, 3 insertions(+), 3 deletions(-)
 tests:  3|2
total_score: 25/70
2943412
Sat 15 Oct 2022 07:29:18 PM UTC: 
 heap.c | 6 +++---
 1 file changed, 3 insertions(+), 3 deletions(-)
 tests:  3|2
total_score: 25/70
4ad9e43
Sat 15 Oct 2022 07:30:02 PM UTC: 
 heap.c | 6 +++---
 1 file changed, 3 insertions(+), 3 deletions(-)
 tests:  3|2
total_score: 25/70
65a353f
Sat 15 Oct 2022 07:33:11 PM UTC: 
 heap.c | 4 ++--
 1 file changed, 2 insertions(+), 2 deletions(-)
 tests:  4|2
total_score: 30/70
0394ec7
Sat 15 Oct 2022 07:39:13 PM UTC: 
 heap.c | 10 ++++++----
 1 file changed, 6 insertions(+), 4 deletions(-)
In file included from test.c:4:
heap.c: In function ‘heap_push’:
heap.c:34:5: error: expected ‘,’ or ‘;’ before ‘while’
   34 |     while (1){
      |     ^~~~~
heap.c:33:9: error: unused variable ‘pos’ [-Werror=unused-variable]
   33 |     int pos=pq->size-1
      |         ^~~
heap.c:29:15: error: unused variable ‘aux’ [-Werror=unused-variable]
   29 |     heapElem *aux=(heapElem*)malloc(sizeof(heapElem));
      |               ^~~
cc1: all warnings being treated as errors
Compilation failed
99a4f9b
Sat 15 Oct 2022 07:39:21 PM UTC: 
 heap.c | 2 +-
 1 file changed, 1 insertion(+), 1 deletion(-)
 tests:  5|2
total_score: 35/70
2628486
Sat 15 Oct 2022 07:41:40 PM UTC: 
 heap.c | 2 ++
 1 file changed, 2 insertions(+)
In file included from test.c:4:
heap.c: In function ‘heap_push’:
heap.c:35:25: error: ‘Heap’ {aka ‘struct Heap’} has no member named ‘capacity’; did you mean ‘capac’?
   35 |       if (pq->size==pq->capacity)
      |                         ^~~~~~~~
      |                         capac
heap.c:36:49: error: ‘Heap’ {aka ‘struct Heap’} has no member named ‘capacity’; did you mean ‘capac’?
   36 |         pq->heapArray=realloc(pq->heapArray,pq->capacity+1);
      |                                                 ^~~~~~~~
      |                                                 capac
Compilation failed
c07b543
Sat 15 Oct 2022 07:41:51 PM UTC: 
 heap.c | 4 ++--
 1 file changed, 2 insertions(+), 2 deletions(-)
 tests:  5|2
total_score: 35/70
2db223f
Sat 15 Oct 2022 07:42:02 PM UTC: 
 heap.c | 2 +-
 1 file changed, 1 insertion(+), 1 deletion(-)
 tests:  5|2
total_score: 35/70
4124932
Sat 15 Oct 2022 07:43:57 PM UTC: 
 heap.c | 4 ++--
 1 file changed, 2 insertions(+), 2 deletions(-)
 tests:  5|2
total_score: 35/70
d46c1f1
Sat 15 Oct 2022 08:02:03 PM UTC: 
 heap.c | 4 +++-
 1 file changed, 3 insertions(+), 1 deletion(-)
 tests:  6|2
total_score: 35/70
9e52a4c
Sat 15 Oct 2022 08:06:51 PM UTC: 
 heap.c | 2 +-
 1 file changed, 1 insertion(+), 1 deletion(-)
 tests:  6|2
total_score: 35/70
217d403
Sat 15 Oct 2022 08:07:31 PM UTC: 
 heap.c | 2 +-
 1 file changed, 1 insertion(+), 1 deletion(-)
 tests:  7|1
total_score: 45/70
8987ef1
Sat 15 Oct 2022 08:07:52 PM UTC: 
 heap.c | 2 +-
 1 file changed, 1 insertion(+), 1 deletion(-)
 tests:  6|2
total_score: 35/70
c99c6d1
Sat 15 Oct 2022 08:08:04 PM UTC: 
 heap.c | 2 +-
 1 file changed, 1 insertion(+), 1 deletion(-)
 tests:  7|1
total_score: 45/70
63ea552
Sat 15 Oct 2022 11:45:50 PM UTC: 
 heap.c | 2 +-
 1 file changed, 1 insertion(+), 1 deletion(-)
In file included from test.c:4:
heap.c: In function ‘heap_pop’:
heap.c:52:4: error: ‘hp’ undeclared (first use in this function)
   52 |    hp->heapArray[0]=hp->heapArray[hp->size-1];
      |    ^~
heap.c:52:4: note: each undeclared identifier is reported only once for each function it appears in
Compilation failed
4251938
Sat 15 Oct 2022 11:46:16 PM UTC: 
 heap.c | 2 +-
 1 file changed, 1 insertion(+), 1 deletion(-)
 tests:  7|1
total_score: 45/70
b4b0fc7
Sat 15 Oct 2022 11:46:51 PM UTC: 
 heap.c | 1 +
 1 file changed, 1 insertion(+)
 tests:  7|1
total_score: 45/70
a1b0193
Sun 16 Oct 2022 12:33:50 AM UTC: 
 heap.c | 19 +++++++++++++++++++
 1 file changed, 19 insertions(+)
In file included from test.c:4:
heap.c: In function ‘heap_pop’:
heap.c:59:43: error: invalid operands to binary > (have ‘int’ and ‘heapElem’ {aka ‘struct nodo’})
   59 |        if (pq->heapArray[2*pos+1].priority>pq->heapArray[2*pos+2]){
      |            ~~~~~~~~~~~~~~~~~~~~~~~~~~~~~~~^~~~~~~~~~~~~~~~~~~~~~~
      |                                  |                      |
      |                                  int                    heapElem {aka struct nodo}
heap.c:64:48: error: invalid operands to binary < (have ‘int’ and ‘heapElem’ {aka ‘struct nodo’})
   64 |        else if (pq->heapArray[2*pos+1].priority<pq->heapArray[2*pos+2]){
      |                 ~~~~~~~~~~~~~~~~~~~~~~~~~~~~~~~^~~~~~~~~~~~~~~~~~~~~~~
      |                                       |                      |
      |                                       int                    heapElem {aka struct nodo}
Compilation failed
7627c69
Sun 16 Oct 2022 12:42:31 AM UTC: 
 heap.c | 8 ++++----
 1 file changed, 4 insertions(+), 4 deletions(-)
/nix/store/v8imx1nvyz0hgvx9cbcmh6gp4ngw3ffj-binutils-2.35.1/bin/ld: /tmp/cc6WUwo8.o: in function `test_pop':
test.c:(.text+0x82b): undefined reference to `heap_pop'
/nix/store/v8imx1nvyz0hgvx9cbcmh6gp4ngw3ffj-binutils-2.35.1/bin/ld: test.c:(.text+0x857): undefined reference to `heap_pop'
/nix/store/v8imx1nvyz0hgvx9cbcmh6gp4ngw3ffj-binutils-2.35.1/bin/ld: test.c:(.text+0x879): undefined reference to `heap_pop'
/nix/store/v8imx1nvyz0hgvx9cbcmh6gp4ngw3ffj-binutils-2.35.1/bin/ld: test.c:(.text+0x89b): undefined reference to `heap_pop'
/nix/store/v8imx1nvyz0hgvx9cbcmh6gp4ngw3ffj-binutils-2.35.1/bin/ld: test.c:(.text+0x8bd): undefined reference to `heap_pop'
collect2: error: ld returned 1 exit status
Compilation failed
81540d8
Sun 16 Oct 2022 12:43:16 AM UTC: 
 heap.c | 6 +++---
 1 file changed, 3 insertions(+), 3 deletions(-)
 tests:  7|1
total_score: 45/70
81e3fb2
Sun 16 Oct 2022 12:49:02 AM UTC: 
 heap.c | 4 ++--
 1 file changed, 2 insertions(+), 2 deletions(-)
In file included from test.c:4:
heap.c: In function ‘heap_pop’:
heap.c:53:8: error: unused variable ‘pos’ [-Werror=unused-variable]
   53 |    int pos=0;
      |        ^~~
heap.c:52:14: error: unused variable ‘aux’ [-Werror=unused-variable]
   52 |    heapElem *aux=(heapElem*)malloc(sizeof(heapElem));
      |              ^~~
cc1: all warnings being treated as errors
Compilation failed
d5a0cdd
Sun 16 Oct 2022 12:50:05 AM UTC: 
 heap.c | 2 +-
 1 file changed, 1 insertion(+), 1 deletion(-)
In file included from test.c:4:
heap.c: In function ‘heap_pop’:
heap.c:56:4: error: "/*" within comment [-Werror=comment]
   56 |    /*while (1){
      |     
cc1: all warnings being treated as errors
Compilation failed
3abf88e
Sun 16 Oct 2022 12:51:51 AM UTC: 
 heap.c | 4 ++--
 1 file changed, 2 insertions(+), 2 deletions(-)
In file included from test.c:4:
heap.c: In function ‘heap_pop’:
heap.c:56:4: error: "/*" within comment [-Werror=comment]
   56 |    /*while (1){
      |     
heap.c: In function ‘heap_top’:
heap.c:24:1: error: control reaches end of non-void function [-Werror=return-type]
   24 | }
      | ^
cc1: all warnings being treated as errors
Compilation failed
cb4c875
Sun 16 Oct 2022 12:52:25 AM UTC: 
 heap.c | 3 ++-
 1 file changed, 2 insertions(+), 1 deletion(-)
In file included from test.c:4:
heap.c: In function ‘heap_pop’:
heap.c:57:4: error: "/*" within comment [-Werror=comment]
   57 |    /*while (1){
      |     
heap.c: In function ‘heap_top’:
heap.c:24:1: error: control reaches end of non-void function [-Werror=return-type]
   24 | }
      | ^
cc1: all warnings being treated as errors
Compilation failed
7c2f2d9
Sun 16 Oct 2022 12:53:03 AM UTC: 
 heap.c | 2 +-
 1 file changed, 1 insertion(+), 1 deletion(-)
In file included from test.c:4:
heap.c: In function ‘heap_top’:
heap.c:24:1: error: control reaches end of non-void function [-Werror=return-type]
   24 | }
      | ^
cc1: all warnings being treated as errors
Compilation failed
344c868
Sun 16 Oct 2022 12:53:22 AM UTC: 
 heap.c | 4 ++--
 1 file changed, 2 insertions(+), 2 deletions(-)
In file included from test.c:4:
heap.c: In function ‘heap_top’:
heap.c:21:5: error: expected declaration specifiers before ‘if’
   21 |     if (pq->size==0)
      |     ^~
heap.c:23:5: error: expected declaration specifiers before ‘return’
   23 |     return pq->heapArray[0].data;
      |     ^~~~~~
heap.c:24:1: error: expected declaration specifiers before ‘}’ token
   24 | }
      | ^
heap.c:28:51: error: expected ‘=’, ‘,’, ‘;’, ‘asm’ or ‘__attribute__’ before ‘{’ token
   28 | void heap_push(Heap* pq, void* data, int priority){
      |                                                   ^
heap.c:51:24: error: expected ‘=’, ‘,’, ‘;’, ‘asm’ or ‘__attribute__’ before ‘{’ token
   51 | void heap_pop(Heap* pq){
      |                        ^
In file included from test.c:4:
heap.c:76:19: error: expected ‘=’, ‘,’, ‘;’, ‘asm’ or ‘__attribute__’ before ‘{’ token
   76 | Heap* createHeap(){
      |                   ^
test.c:6:34: error: expected ‘=’, ‘,’, ‘;’, ‘asm’ or ‘__attribute__’ before ‘{’ token
    6 | char * _strdup(const char * str) {
      |                                  ^
test.c:13:1: error: parameter ‘test_id’ is initialized
   13 | int test_id = -1;
      | ^~~
test.c:16:14: error: expected ‘=’, ‘,’, ‘;’, ‘asm’ or ‘__attribute__’ before ‘{’ token
   16 | int success(){
      |              ^
test.c:21:24: error: expected ‘=’, ‘,’, ‘;’, ‘asm’ or ‘__attribute__’ before ‘{’ token
   21 | void err_msg(char* msg){
      |                        ^
test.c:28:23: error: expected ‘=’, ‘,’, ‘;’, ‘asm’ or ‘__attribute__’ before ‘{’ token
   28 | void ok_msg(char* msg){
      |                       ^
test.c:34:25: error: expected ‘=’, ‘,’, ‘;’, ‘asm’ or ‘__attribute__’ before ‘{’ token
   34 | void info_msg(char* msg){
      |                         ^
test.c:39:75: error: expected ‘=’, ‘,’, ‘;’, ‘asm’ or ‘__attribute__’ before ‘{’ token
   39 | int test_suite(int(*test)(), char* msg, int max_score, int id, int req_id){
      |                                                                           ^
test.c:55:25: error: expected ‘=’, ‘,’, ‘;’, ‘asm’ or ‘__attribute__’ before ‘{’ token
   55 | void view_array(Heap* h){
      |                         ^
test.c:64:24: error: expected ‘=’, ‘,’, ‘;’, ‘asm’ or ‘__attribute__’ before ‘{’ token
   64 | Heap* initialize_heap(){
      |                        ^
test.c:80:18: error: expected ‘=’, ‘,’, ‘;’, ‘asm’ or ‘__attribute__’ before ‘{’ token
   80 | int test_create(){
      |                  ^
test.c:116:15: error: expected ‘=’, ‘,’, ‘;’, ‘asm’ or ‘__attribute__’ before ‘{’ token
  116 | int test_top(){
      |               ^
test.c:145:16: error: expected ‘=’, ‘,’, ‘;’, ‘asm’ or ‘__attribute__’ before ‘{’ token
  145 | int test_push(){
      |                ^
test.c:222:15: error: expected ‘=’, ‘,’, ‘;’, ‘asm’ or ‘__attribute__’ before ‘{’ token
  222 | int test_pop(){
      |               ^
test.c:276:36: error: expected ‘=’, ‘,’, ‘;’, ‘asm’ or ‘__attribute__’ before ‘{’ token
  276 | int main( int argc, char *argv[] ) {
      |                                    ^
In file included from test.c:4:
heap.c:20:7: error: old-style parameter declarations in prototyped function definition
   20 | void* heap_top(Heap* pq)
      |       ^~~~~~~~
test.c:292: error: expected ‘{’ at end of input
  292 | }
      | 
test.c:292: error: control reaches end of non-void function [-Werror=return-type]
  292 | }
      | 
cc1: all warnings being treated as errors
Compilation failed
cb985f5
Sun 16 Oct 2022 12:53:34 AM UTC: 
 heap.c | 2 +-
 1 file changed, 1 insertion(+), 1 deletion(-)
 tests:  7|1
total_score: 45/70
61c44ee
Sun 16 Oct 2022 12:55:52 AM UTC: 
 heap.c | 3 +--
 1 file changed, 1 insertion(+), 2 deletions(-)
 tests:  7|1
total_score: 60/70
74eaefb
Sun 16 Oct 2022 03:31:11 AM UTC: 
 heap.c | 2 ++
 1 file changed, 2 insertions(+)
In file included from test.c:4:
heap.c: In function ‘heap_pop’:
heap.c:57:5: error: break statement not within loop or switch
   57 |     break;
      |     ^~~~~
Compilation failed
8386b3b
Sun 16 Oct 2022 03:31:47 AM UTC: 
 heap.c | 4 ++--
 1 file changed, 2 insertions(+), 2 deletions(-)
 tests:  7|1
total_score: 60/70
3fed0c6
Sun 16 Oct 2022 03:52:41 AM UTC: 
 heap.c | 4 +---
 1 file changed, 1 insertion(+), 3 deletions(-)
In file included from test.c:4:
heap.c: In function ‘heap_pop’:
heap.c:56:6: error: expected expression before ‘for’
   56 |     (for int i=0;i<3;i++){
      |      ^~~
heap.c:56:26: error: expected ‘;’ before ‘{’ token
   56 |     (for int i=0;i<3;i++){
      |                          ^
      |                          ;
heap.c:53:8: error: unused variable ‘pos’ [-Werror=unused-variable]
   53 |    int pos=0;
      |        ^~~
heap.c:52:14: error: unused variable ‘aux’ [-Werror=unused-variable]
   52 |    heapElem *aux=(heapElem*)malloc(sizeof(heapElem));
      |              ^~~
cc1: all warnings being treated as errors
Compilation failed
ba13256
Sun 16 Oct 2022 03:52:53 AM UTC: 
 heap.c | 2 +-
 1 file changed, 1 insertion(+), 1 deletion(-)
 tests:  7|1
total_score: 60/70
5fca15a
Sun 16 Oct 2022 03:53:02 AM UTC: 
 heap.c | 2 +-
 1 file changed, 1 insertion(+), 1 deletion(-)
 tests:  7|1
total_score: 60/70
7efd909
Sun 16 Oct 2022 03:53:22 AM UTC: 
 heap.c | 2 +-
 1 file changed, 1 insertion(+), 1 deletion(-)
 tests:  7|1
total_score: 60/70
fc368b3
Sun 16 Oct 2022 03:55:00 AM UTC: 
 heap.c | 4 ----
 1 file changed, 4 deletions(-)
 tests:  7|1
total_score: 60/70
22e3df3
Sun 16 Oct 2022 03:55:22 AM UTC: 
 heap.c | 2 +-
 1 file changed, 1 insertion(+), 1 deletion(-)
In file included from test.c:4:
heap.c:69:1: error: expected identifier or ‘(’ before ‘}’ token
   69 | }
      | ^
Compilation failed
595ece3
Sun 16 Oct 2022 03:55:29 AM UTC: 
 heap.c | 2 +-
 1 file changed, 1 insertion(+), 1 deletion(-)
 tests:  7|1
total_score: 60/70
3069a8e
Sun 16 Oct 2022 03:56:04 AM UTC: 
 heap.c | 8 ++++++--
 1 file changed, 6 insertions(+), 2 deletions(-)
 tests:  7|1
total_score: 60/70
fe4ca55
Sun 16 Oct 2022 03:56:16 AM UTC: 
 heap.c | 4 ++--
 1 file changed, 2 insertions(+), 2 deletions(-)
In file included from test.c:4:
heap.c: In function ‘heap_pop’:
heap.c:53:8: error: unused variable ‘pos’ [-Werror=unused-variable]
   53 |    int pos=0;
      |        ^~~
heap.c:52:14: error: unused variable ‘aux’ [-Werror=unused-variable]
   52 |    heapElem *aux=(heapElem*)malloc(sizeof(heapElem));
      |              ^~~
cc1: all warnings being treated as errors
Compilation failed
9d2564c
Sun 16 Oct 2022 03:56:24 AM UTC: 
 heap.c | 2 +-
 1 file changed, 1 insertion(+), 1 deletion(-)
In file included from test.c:4:
heap.c: In function ‘heap_pop’:
heap.c:53:8: error: unused variable ‘pos’ [-Werror=unused-variable]
   53 |    int pos=0;
      |        ^~~
cc1: all warnings being treated as errors
Compilation failed
78df232
Sun 16 Oct 2022 03:56:31 AM UTC: 
 heap.c | 2 +-
 1 file changed, 1 insertion(+), 1 deletion(-)
 tests:  7|1
total_score: 45/70
6b80b05
Sun 16 Oct 2022 03:57:13 AM UTC: 
 heap.c | 8 ++++----
 1 file changed, 4 insertions(+), 4 deletions(-)
 tests:  7|1
total_score: 60/70
fb3d4a9
Sun 16 Oct 2022 03:57:31 AM UTC: 
 heap.c | 1 -
 1 file changed, 1 deletion(-)
 tests:  7|1
total_score: 60/70
8801676
Sun 16 Oct 2022 04:13:40 AM UTC: 
 heap.c | 3 +++
 1 file changed, 3 insertions(+)
 tests:  7|1
total_score: 60/70
b403747
Sun 16 Oct 2022 04:17:22 AM UTC: 
 heap.c | 4 +---
 1 file changed, 1 insertion(+), 3 deletions(-)
In file included from test.c:4:
heap.c: In function ‘heap_pop’:
heap.c:57:135: error: suggest parentheses around ‘&&’ within ‘||’ [-Werror=parentheses]
   57 |        if (pq->heapArray[pos].priority<pq->heapArray[2*pos+1].priority || pq->heapArray[pos].priority<pq->heapArray[2*pos+2].priority && pq->size>1){
      |                                                                           ~~~~~~~~~~~~~~~~~~~~~~~~~~~~~~~~~~~~~~~~~~~~~~~~~~~~~~~~~~~~^~~~~~~~~~~~~
cc1: all warnings being treated as errors
Compilation failed
aad4c40
Sun 16 Oct 2022 04:17:40 AM UTC: 
 heap.c | 2 +-
 1 file changed, 1 insertion(+), 1 deletion(-)
In file included from test.c:4:
heap.c: In function ‘heap_pop’:
heap.c:57:135: error: suggest parentheses around ‘&&’ within ‘||’ [-Werror=parentheses]
   57 |        if (pq->heapArray[pos].priority<pq->heapArray[2*pos+1].priority || pq->heapArray[pos].priority<pq->heapArray[2*pos+2].priority && (pq->size>1)){
      |                                                                           ~~~~~~~~~~~~~~~~~~~~~~~~~~~~~~~~~~~~~~~~~~~~~~~~~~~~~~~~~~~~^~~~~~~~~~~~~~~
cc1: all warnings being treated as errors
Compilation failed
6602ddd
Sun 16 Oct 2022 04:17:54 AM UTC: 
 heap.c | 2 +-
 1 file changed, 1 insertion(+), 1 deletion(-)
 tests:  7|1
total_score: 60/70
3b72404
Sun 16 Oct 2022 04:18:36 AM UTC: 
 heap.c | 2 +-
 1 file changed, 1 insertion(+), 1 deletion(-)
 tests:  7|1
total_score: 45/70
c6dd923
Sun 16 Oct 2022 04:18:53 AM UTC: 
 heap.c | 2 +-
 1 file changed, 1 insertion(+), 1 deletion(-)
 tests:  7|1
total_score: 45/70
248398a
Sun 16 Oct 2022 04:19:45 AM UTC: 
 heap.c | 2 +-
 1 file changed, 1 insertion(+), 1 deletion(-)
 tests:  7|1
total_score: 45/70
b0a229e
Sun 16 Oct 2022 04:19:51 AM UTC: 
 heap.c | 2 +-
 1 file changed, 1 insertion(+), 1 deletion(-)
 tests:  7|1
total_score: 50/70
658d839
Sun 16 Oct 2022 04:21:00 AM UTC: 
 heap.c | 2 +-
 1 file changed, 1 insertion(+), 1 deletion(-)
 tests:  7|1
total_score: 60/70
7d33a69
Sun 16 Oct 2022 04:21:15 AM UTC: 
 heap.c | 2 +-
 1 file changed, 1 insertion(+), 1 deletion(-)
 tests:  7|1
total_score: 50/70
c78b8d2
Sun 16 Oct 2022 04:21:28 AM UTC: 
 heap.c | 2 +-
 1 file changed, 1 insertion(+), 1 deletion(-)
 tests:  7|1
total_score: 60/70
387fe5d
Sun 16 Oct 2022 04:21:41 AM UTC: 
 heap.c | 2 +-
 1 file changed, 1 insertion(+), 1 deletion(-)
 tests:  7|1
total_score: 50/70
0e075a1
Sun 16 Oct 2022 04:21:51 AM UTC: 
 heap.c | 2 +-
 1 file changed, 1 insertion(+), 1 deletion(-)
 tests:  7|1
total_score: 60/70
e91b146
Sun 16 Oct 2022 04:23:42 AM UTC: 
 heap.c | 2 +-
 1 file changed, 1 insertion(+), 1 deletion(-)
 tests:  7|1
total_score: 50/70
2f6cfd1
Sun 16 Oct 2022 04:34:06 AM UTC: 
 heap.c | 2 --
 1 file changed, 2 deletions(-)
 tests:  7|1
total_score: 60/70
c86fbf6
Sun 16 Oct 2022 04:35:09 AM UTC: 
 heap.c | 4 ----
 1 file changed, 4 deletions(-)
 tests:  7|1
total_score: 60/70
b88a845
Sun 16 Oct 2022 04:35:55 AM UTC: 
 heap.c | 3 +--
 1 file changed, 1 insertion(+), 2 deletions(-)
In file included from test.c:4:
heap.c:61:3: error: expected identifier or ‘(’ before ‘else’
   61 |   else if (pq->heapArray[2*pos+1].priority<pq->heapArray[2*pos+2].priority){
      |   ^~~~
heap.c:66:1: error: expected identifier or ‘(’ before ‘}’ token
   66 | }
      | ^
Compilation failed
e4ab108
Sun 16 Oct 2022 04:36:14 AM UTC: 
 heap.c | 2 +-
 1 file changed, 1 insertion(+), 1 deletion(-)
 tests:  7|1
total_score: 60/70
15798ad
Sun 16 Oct 2022 04:37:59 AM UTC: 
 heap.c | 1 +
 1 file changed, 1 insertion(+)
In file included from test.c:4:
heap.c: In function ‘heap_pop’:
heap.c:66:3: error: implicit declaration of function ‘view_array’ [-Werror=implicit-function-declaration]
   66 |   view_array(pq);
      |   ^~~~~~~~~~
test.c: At top level:
test.c:55:6: error: conflicting types for ‘view_array’ [-Werror]
   55 | void view_array(Heap* h){
      |      ^~~~~~~~~~
In file included from test.c:4:
heap.c:66:3: note: previous implicit declaration of ‘view_array’ was here
   66 |   view_array(pq);
      |   ^~~~~~~~~~
cc1: all warnings being treated as errors
Compilation failed
119ec7f
Sun 16 Oct 2022 04:39:26 AM UTC: 
 heap.c | 7 ++++++-
 1 file changed, 6 insertions(+), 1 deletion(-)
In file included from test.c:4:
heap.c: In function ‘heap_pop’:
heap.c:68:16: error: ‘h’ undeclared (first use in this function)
   68 |     for(i=0; i<h->size; i++){
      |                ^
heap.c:68:16: note: each undeclared identifier is reported only once for each function it appears in
Compilation failed
403dbe2
Sun 16 Oct 2022 04:39:36 AM UTC: 
 heap.c | 4 ++--
 1 file changed, 2 insertions(+), 2 deletions(-)
 tests:  7|1
total_score: 60/70
e5d8f00
Sun 16 Oct 2022 04:42:13 AM UTC: 
 heap.c | 10 +++++-----
 1 file changed, 5 insertions(+), 5 deletions(-)
In file included from test.c:4:
heap.c: In function ‘heap_pop’:
heap.c:53:9: error: ‘i’ undeclared (first use in this function)
   53 |     for(i=0; i<pq->size; i++){
      |         ^
heap.c:53:9: note: each undeclared identifier is reported only once for each function it appears in
heap.c:71:7: error: unused variable ‘i’ [-Werror=unused-variable]
   71 |   int i;
      |       ^
cc1: all warnings being treated as errors
Compilation failed
3c20caf
